<?xml version="1.0" encoding="UTF-8"?>
<!-- Generated by org.testng.reporters.JUnitXMLReporter -->
<testsuite hostname="CIPL-8PC50" ignored="0" name="Test" tests="1" failures="1" timestamp="06 Sep 2018 10:55:43 GMT" time="3.067" errors="0">
  <testcase name="TC_1" time="3.04" classname="com.j2.test.TestSuite">
    <failure type="java.lang.IllegalArgumentException" message="Can not set io.appium.java_client.MobileElement field com.j2.pages.FT2.viewAllOption to org.openqa.selenium.remote.RemoteWebElement$$EnhancerByCGLIB$$dd998978">
      <![CDATA[java.lang.IllegalArgumentException: Can not set io.appium.java_client.MobileElement field com.j2.pages.FT2.viewAllOption to org.openqa.selenium.remote.RemoteWebElement$$EnhancerByCGLIB$$dd998978
	at org.openqa.selenium.support.PageFactory.proxyFields(PageFactory.java:117)
	at org.openqa.selenium.support.PageFactory.initElements(PageFactory.java:105)
	at com.j2.driver.AbstractScreen.<init>(AbstractScreen.java:20)
	at com.j2.pages.FT2.<init>(FT2.java:21)
	at com.j2.test.TestSuite.TC_1(TestSuite.java:28)
... Removed 33 stack frames]]>
    </failure>
  </testcase> <!-- TC_1 -->
</testsuite> <!-- Test -->
