<?xml version="1.0" encoding="UTF-8"?>
<testng-results skipped="0" failed="0" ignored="0" total="1" passed="1">
  <reporter-output>
    <line>
      <![CDATA[<font color='green'>PASS</font> Verified ascending order<br>]]>
    </line>
    <line>
      <![CDATA[<font color='blue'>INFO </font> Test Case End : ]]>
    </line>
  </reporter-output>
  <suite name="Suite" duration-ms="41463" started-at="2018-09-20T07:27:55Z" finished-at="2018-09-20T07:28:37Z">
    <groups>
    </groups>
    <test name="Track And Trace" duration-ms="41463" started-at="2018-09-20T07:27:55Z" finished-at="2018-09-20T07:28:37Z">
      <class name="com.j2.test.TestSuite">
        <test-method status="PASS" signature="TrackTrace_Verify_Ascending_Order()[pri:3, instance:com.j2.test.TestSuite@bdf5e5]" name="TrackTrace_Verify_Ascending_Order" duration-ms="41444" started-at="2018-09-20T12:57:55Z" description="Verify_Sorting_Ascending_Order" finished-at="2018-09-20T12:58:37Z">
          <reporter-output>
            <line>
              <![CDATA[<font color='green'>PASS</font> Verified ascending order<br>]]>
            </line>
            <line>
              <![CDATA[<font color='blue'>INFO </font> Test Case End : ]]>
            </line>
          </reporter-output>
        </test-method> <!-- TrackTrace_Verify_Ascending_Order -->
      </class> <!-- com.j2.test.TestSuite -->
    </test> <!-- Track And Trace -->
  </suite> <!-- Suite -->
</testng-results>
