<?xml version="1.0" encoding="UTF-8"?>
<testng-results skipped="0" failed="0" ignored="0" total="1" passed="1">
  <reporter-output>
    <line>
      <![CDATA[<font color='green'>PASS</font> Verified Header 1 <br>]]>
    </line>
    <line>
      <![CDATA[<font color='green'>PASS</font> Verified Header 2 <br>]]>
    </line>
    <line>
      <![CDATA[<font color='green'>PASS</font> Verified Header 3 <br>]]>
    </line>
    <line>
      <![CDATA[<font color='green'>PASS</font> Verified Header 4 <br>]]>
    </line>
    <line>
      <![CDATA[<font color='green'>PASS</font> Verified table<br>]]>
    </line>
    <line>
      <![CDATA[<font color='blue'>INFO </font> Test Case End : ]]>
    </line>
  </reporter-output>
  <suite name="Suite" duration-ms="35905" started-at="2018-09-05T13:28:20Z" finished-at="2018-09-05T13:28:56Z">
    <groups>
    </groups>
    <test name="Test" duration-ms="35905" started-at="2018-09-05T13:28:20Z" finished-at="2018-09-05T13:28:56Z">
      <class name="com.j2.test.TestSuite">
        <test-method status="PASS" signature="TC_1()[pri:1, instance:com.j2.test.TestSuite@dc24521]" name="TC_1" duration-ms="35884" started-at="2018-09-05T18:58:20Z" description="TC_1 " finished-at="2018-09-05T18:58:56Z">
          <reporter-output>
            <line>
              <![CDATA[<font color='green'>PASS</font> Verified Header 1 <br>]]>
            </line>
            <line>
              <![CDATA[<font color='green'>PASS</font> Verified Header 2 <br>]]>
            </line>
            <line>
              <![CDATA[<font color='green'>PASS</font> Verified Header 3 <br>]]>
            </line>
            <line>
              <![CDATA[<font color='green'>PASS</font> Verified Header 4 <br>]]>
            </line>
            <line>
              <![CDATA[<font color='green'>PASS</font> Verified table<br>]]>
            </line>
            <line>
              <![CDATA[<font color='blue'>INFO </font> Test Case End : ]]>
            </line>
          </reporter-output>
        </test-method> <!-- TC_1 -->
      </class> <!-- com.j2.test.TestSuite -->
    </test> <!-- Test -->
  </suite> <!-- Suite -->
</testng-results>
