<?xml version="1.0" encoding="UTF-8"?>
<testng-results skipped="0" failed="1" ignored="0" total="1" passed="0">
  <reporter-output>
    <line>
      <![CDATA[<font color='blue'>INFO </font> Test Case End : ]]>
    </line>
  </reporter-output>
  <suite name="Suite" duration-ms="3067" started-at="2018-09-06T10:55:40Z" finished-at="2018-09-06T10:55:43Z">
    <groups>
    </groups>
    <test name="Test" duration-ms="3067" started-at="2018-09-06T10:55:40Z" finished-at="2018-09-06T10:55:43Z">
      <class name="com.j2.test.TestSuite">
        <test-method status="FAIL" signature="TC_1()[pri:1, instance:com.j2.test.TestSuite@10bdf5e5]" name="TC_1" duration-ms="3040" started-at="2018-09-06T16:25:40Z" description="TC_1 " finished-at="2018-09-06T16:25:43Z">
          <exception class="java.lang.IllegalArgumentException">
            <message>
              <![CDATA[Can not set io.appium.java_client.MobileElement field com.j2.pages.FT2.viewAllOption to org.openqa.selenium.remote.RemoteWebElement$$EnhancerByCGLIB$$dd998978]]>
            </message>
            <full-stacktrace>
              <![CDATA[java.lang.IllegalArgumentException: Can not set io.appium.java_client.MobileElement field com.j2.pages.FT2.viewAllOption to org.openqa.selenium.remote.RemoteWebElement$$EnhancerByCGLIB$$dd998978
	at sun.reflect.UnsafeFieldAccessorImpl.throwSetIllegalArgumentException(Unknown Source)
	at sun.reflect.UnsafeFieldAccessorImpl.throwSetIllegalArgumentException(Unknown Source)
	at sun.reflect.UnsafeObjectFieldAccessorImpl.set(Unknown Source)
	at java.lang.reflect.Field.set(Unknown Source)
	at org.openqa.selenium.support.PageFactory.proxyFields(PageFactory.java:117)
	at org.openqa.selenium.support.PageFactory.initElements(PageFactory.java:105)
	at com.j2.driver.AbstractScreen.<init>(AbstractScreen.java:20)
	at com.j2.pages.FT2.<init>(FT2.java:21)
	at com.j2.test.TestSuite.TC_1(TestSuite.java:28)
	at sun.reflect.NativeMethodAccessorImpl.invoke0(Native Method)
	at sun.reflect.NativeMethodAccessorImpl.invoke(Unknown Source)
	at sun.reflect.DelegatingMethodAccessorImpl.invoke(Unknown Source)
	at java.lang.reflect.Method.invoke(Unknown Source)
	at org.testng.internal.MethodInvocationHelper.invokeMethod(MethodInvocationHelper.java:108)
	at org.testng.internal.Invoker.invokeMethod(Invoker.java:661)
	at org.testng.internal.Invoker.invokeTestMethod(Invoker.java:869)
	at org.testng.internal.Invoker.invokeTestMethods(Invoker.java:1193)
	at org.testng.internal.TestMethodWorker.invokeTestMethods(TestMethodWorker.java:126)
	at org.testng.internal.TestMethodWorker.run(TestMethodWorker.java:109)
	at org.testng.TestRunner.privateRun(TestRunner.java:744)
	at org.testng.TestRunner.run(TestRunner.java:602)
	at org.testng.SuiteRunner.runTest(SuiteRunner.java:380)
	at org.testng.SuiteRunner.runSequentially(SuiteRunner.java:375)
	at org.testng.SuiteRunner.privateRun(SuiteRunner.java:340)
	at org.testng.SuiteRunner.run(SuiteRunner.java:289)
	at org.testng.SuiteRunnerWorker.runSuite(SuiteRunnerWorker.java:52)
	at org.testng.SuiteRunnerWorker.run(SuiteRunnerWorker.java:86)
	at org.testng.TestNG.runSuitesSequentially(TestNG.java:1301)
	at org.testng.TestNG.runSuitesLocally(TestNG.java:1226)
	at org.testng.TestNG.runSuites(TestNG.java:1144)
	at org.testng.TestNG.run(TestNG.java:1115)
	at org.apache.maven.surefire.testng.TestNGExecutor.run(TestNGExecutor.java:283)
	at org.apache.maven.surefire.testng.TestNGXmlTestSuite.execute(TestNGXmlTestSuite.java:75)
	at org.apache.maven.surefire.testng.TestNGProvider.invoke(TestNGProvider.java:120)
	at org.apache.maven.surefire.booter.ForkedBooter.invokeProviderInSameClassLoader(ForkedBooter.java:379)
	at org.apache.maven.surefire.booter.ForkedBooter.runSuitesInProcess(ForkedBooter.java:340)
	at org.apache.maven.surefire.booter.ForkedBooter.execute(ForkedBooter.java:125)
	at org.apache.maven.surefire.booter.ForkedBooter.main(ForkedBooter.java:413)
]]>
            </full-stacktrace>
          </exception> <!-- java.lang.IllegalArgumentException -->
          <reporter-output>
            <line>
              <![CDATA[<font color='blue'>INFO </font> Test Case End : ]]>
            </line>
          </reporter-output>
        </test-method> <!-- TC_1 -->
      </class> <!-- com.j2.test.TestSuite -->
    </test> <!-- Test -->
  </suite> <!-- Suite -->
</testng-results>
